#
# There is insufficient memory for the Java Runtime Environment to continue.
# Native memory allocation (mmap) failed to map 132120576 bytes for committing reserved memory.
# Possible reasons:
#   The system is out of physical RAM or swap space
#   In 32 bit mode, the process size limit was hit
# Possible solutions:
#   Reduce memory load on the system
#   Increase physical memory or swap space
#   Check if swap backing store is full
#   Use 64 bit Java on a 64 bit OS
#   Decrease Java heap size (-Xmx/-Xms)
#   Decrease number of Java threads
#   Decrease Java thread stack sizes (-Xss)
#   Set larger code cache with -XX:ReservedCodeCacheSize=
# This output file may be truncated or incomplete.
#
#  Out of Memory Error (os_linux.cpp:2643), pid=11305, tid=0x00007f8279dc0700
#
# JRE version: OpenJDK Runtime Environment (8.0_171-b11) (build 1.8.0_171-8u171-b11-0ubuntu0.16.04.1-b11)
# Java VM: OpenJDK 64-Bit Server VM (25.171-b11 mixed mode linux-amd64 compressed oops)
# Failed to write core dump. Core dumps have been disabled. To enable core dumping, try "ulimit -c unlimited" before starting Java again
#

---------------  T H R E A D  ---------------

Current thread (0x00007f828c13f000):  VMThread [stack: 0x00007f8279cc0000,0x00007f8279dc1000] [id=11311]

Stack: [0x00007f8279cc0000,0x00007f8279dc1000],  sp=0x00007f8279dbf4a0,  free space=1021k
Native frames: (J=compiled Java code, j=interpreted, Vv=VM code, C=native code)
V  [libjvm.so+0xa6db9b]
V  [libjvm.so+0x4c694c]
V  [libjvm.so+0x8ba818]
V  [libjvm.so+0x8b4bae]
V  [libjvm.so+0x92ff96]
V  [libjvm.so+0x9312c3]
V  [libjvm.so+0x92d98b]
V  [libjvm.so+0x9267b9]
V  [libjvm.so+0x44aa43]
V  [libjvm.so+0xa6f129]
V  [libjvm.so+0xa74a07]
V  [libjvm.so+0xa72107]
V  [libjvm.so+0xa7358f]
V  [libjvm.so+0xa73a81]
V  [libjvm.so+0x8b7c22]

VM_Operation (0x00007f8293ad28b0): CollectForMetadataAllocation, mode: safepoint, requested by thread 0x00007f828c00a800


---------------  P R O C E S S  ---------------

Java Threads: ( => current thread )
  0x00007f828cbad800 JavaThread "background-preinit" [_thread_blocked, id=11325, stack(0x00007f82780bd000,0x00007f82781be000)]
  0x00007f8230074800 JavaThread "process reaper" daemon [_thread_blocked, id=11324, stack(0x00007f82789e9000,0x00007f8278a22000)]
  0x00007f828c271800 JavaThread "surefire-forkedjvm-ping-30s" daemon [_thread_blocked, id=11321, stack(0x00007f8278f14000,0x00007f8279015000)]
  0x00007f828c261000 JavaThread "surefire-forkedjvm-command-thread" daemon [_thread_in_native, id=11320, stack(0x00007f827921f000,0x00007f8279320000)]
  0x00007f828c18e800 JavaThread "Service Thread" daemon [_thread_blocked, id=11318, stack(0x00007f8279421000,0x00007f8279522000)]
  0x00007f828c183800 JavaThread "C1 CompilerThread2" daemon [_thread_blocked, id=11317, stack(0x00007f8279522000,0x00007f8279623000)]
  0x00007f828c182000 JavaThread "C2 CompilerThread1" daemon [_thread_blocked, id=11316, stack(0x00007f8279623000,0x00007f8279724000)]
  0x00007f828c17f000 JavaThread "C2 CompilerThread0" daemon [_thread_blocked, id=11315, stack(0x00007f8279724000,0x00007f8279825000)]
  0x00007f828c17d800 JavaThread "Signal Dispatcher" daemon [_thread_blocked, id=11314, stack(0x00007f8279825000,0x00007f8279926000)]
  0x00007f828c14b800 JavaThread "Finalizer" daemon [_thread_blocked, id=11313, stack(0x00007f8279abe000,0x00007f8279bbf000)]
  0x00007f828c147000 JavaThread "Reference Handler" daemon [_thread_blocked, id=11312, stack(0x00007f8279bbf000,0x00007f8279cc0000)]
  0x00007f828c00a800 JavaThread "main" [_thread_blocked, id=11306, stack(0x00007f82939d5000,0x00007f8293ad6000)]

Other Threads:
=>0x00007f828c13f000 VMThread [stack: 0x00007f8279cc0000,0x00007f8279dc1000] [id=11311]
  0x00007f828c191000 WatcherThread [stack: 0x00007f8279320000,0x00007f8279421000] [id=11319]

VM state:at safepoint (normal execution)

VM Mutex/Monitor currently owned by a thread:  ([mutex/lock_event])
[0x00007f828c006e60] Threads_lock - owner thread: 0x00007f828c13f000
[0x00007f828c007360] Heap_lock - owner thread: 0x00007f828c00a800
[0x00007f828c007660] MultiArray_lock - owner thread: 0x00007f828c00a800
[0x00007f828c007860] Compile_lock - owner thread: 0x00007f828c00a800

Heap:
 PSYoungGen      total 139776K, used 8931K [0x000000076c700000, 0x0000000775a00000, 0x00000007c0000000)
  eden space 129024K, 0% used [0x000000076c700000,0x000000076c700000,0x0000000774500000)
  from space 10752K, 83% used [0x0000000774500000,0x0000000774db8d88,0x0000000774f80000)
  to   space 10752K, 0% used [0x0000000774f80000,0x0000000774f80000,0x0000000775a00000)
 ParOldGen       total 172032K, used 32K [0x00000006c5400000, 0x00000006cfc00000, 0x000000076c700000)
  object space 172032K, 0% used [0x00000006c5400000,0x00000006c5408000,0x00000006cfc00000)
 Metaspace       used 20506K, capacity 21098K, committed 21248K, reserved 1067008K
  class space    used 2584K, capacity 2751K, committed 2816K, reserved 1048576K

Card table byte_map: [0x00007f827c829000,0x00007f827d000000] byte_map_base: 0x00007f82791ff000

Marking Bits: (ParMarkBitMap*) 0x00007f8292c8d320
 Begin Bits: [0x00007f825c2a0000, 0x00007f8260150000)
 End Bits:   [0x00007f8260150000, 0x00007f8264000000)

Polling page: 0x00007f8293ae1000

CodeCache: size=245760Kb used=5023Kb max_used=5023Kb free=240736Kb
 bounds [0x00007f827d000000, 0x00007f827d4f0000, 0x00007f828c000000]
 total_blobs=1928 nmethods=1543 adapters=297
 compilation: enabled

Compilation events (10 events):
Event: 1.614 Thread 0x00007f828c183800 1541       1       org.springframework.core.annotation.AnnotatedElementUtils$SimpleAnnotationProcessor::alwaysProcesses (5 bytes)
Event: 1.614 Thread 0x00007f828c183800 nmethod 1541 0x00007f827d4d5090 code [0x00007f827d4d51e0, 0x00007f827d4d52f0]
Event: 1.614 Thread 0x00007f828c183800 1542       3       jdk.internal.org.objectweb.asm.AnnotationWriter::visitEnd (43 bytes)
Event: 1.614 Thread 0x00007f828c183800 nmethod 1542 0x00007f827d4dba90 code [0x00007f827d4dbc00, 0x00007f827d4dbdf0]
Event: 1.614 Thread 0x00007f828c183800 1543       3       jdk.internal.org.objectweb.asm.MethodWriter::visitAnnotation (82 bytes)
Event: 1.614 Thread 0x00007f828c183800 nmethod 1543 0x00007f827d4dae90 code [0x00007f827d4db060, 0x00007f827d4db758]
Event: 1.614 Thread 0x00007f828c183800 1539       1       java.lang.reflect.Method::getRoot (5 bytes)
Event: 1.615 Thread 0x00007f828c183800 nmethod 1539 0x00007f827d4e3f50 code [0x00007f827d4e40a0, 0x00007f827d4e41b0]
Event: 1.619 Thread 0x00007f828c183800 1546       3       java.util.HashMap::get (23 bytes)
Event: 1.620 Thread 0x00007f828c183800 nmethod 1546 0x00007f827d4e4210 code [0x00007f827d4e43a0, 0x00007f827d4e47b8]

GC Heap History (5 events):
Event: 1.001 GC heap before
{Heap before GC invocations=1 (full 0):
 PSYoungGen      total 75264K, used 64512K [0x000000076c700000, 0x0000000771b00000, 0x00000007c0000000)
  eden space 64512K, 100% used [0x000000076c700000,0x0000000770600000,0x0000000770600000)
  from space 10752K, 0% used [0x0000000771080000,0x0000000771080000,0x0000000771b00000)
  to   space 10752K, 0% used [0x0000000770600000,0x0000000770600000,0x0000000771080000)
 ParOldGen       total 172032K, used 0K [0x00000006c5400000, 0x00000006cfc00000, 0x000000076c700000)
  object space 172032K, 0% used [0x00000006c5400000,0x00000006c5400000,0x00000006cfc00000)
 Metaspace       used 11011K, capacity 11234K, committed 11392K, reserved 1058816K
  class space    used 1303K, capacity 1393K, committed 1408K, reserved 1048576K
Event: 1.041 GC heap after
Heap after GC invocations=1 (full 0):
 PSYoungGen      total 75264K, used 6507K [0x000000076c700000, 0x0000000775a00000, 0x00000007c0000000)
  eden space 64512K, 0% used [0x000000076c700000,0x000000076c700000,0x0000000770600000)
  from space 10752K, 60% used [0x0000000770600000,0x0000000770c5adb0,0x0000000771080000)
  to   space 10752K, 0% used [0x0000000774f80000,0x0000000774f80000,0x0000000775a00000)
 ParOldGen       total 172032K, used 8K [0x00000006c5400000, 0x00000006cfc00000, 0x000000076c700000)
  object space 172032K, 0% used [0x00000006c5400000,0x00000006c5402000,0x00000006cfc00000)
 Metaspace       used 11011K, capacity 11234K, committed 11392K, reserved 1058816K
  class space    used 1303K, capacity 1393K, committed 1408K, reserved 1048576K
}
Event: 1.406 GC heap before
{Heap before GC invocations=2 (full 0):
 PSYoungGen      total 75264K, used 71019K [0x000000076c700000, 0x0000000775a00000, 0x00000007c0000000)
  eden space 64512K, 100% used [0x000000076c700000,0x0000000770600000,0x0000000770600000)
  from space 10752K, 60% used [0x0000000770600000,0x0000000770c5adb0,0x0000000771080000)
  to   space 10752K, 0% used [0x0000000774f80000,0x0000000774f80000,0x0000000775a00000)
 ParOldGen       total 172032K, used 8K [0x00000006c5400000, 0x00000006cfc00000, 0x000000076c700000)
  object space 172032K, 0% used [0x00000006c5400000,0x00000006c5402000,0x00000006cfc00000)
 Metaspace       used 16002K, capacity 16468K, committed 16768K, reserved 1064960K
  class space    used 1983K, capacity 2126K, committed 2176K, reserved 1048576K
Event: 1.417 GC heap after
Heap after GC invocations=2 (full 0):
 PSYoungGen      total 139776K, used 6916K [0x000000076c700000, 0x0000000775a00000, 0x00000007c0000000)
  eden space 129024K, 0% used [0x000000076c700000,0x000000076c700000,0x0000000774500000)
  from space 10752K, 64% used [0x0000000774f80000,0x0000000775641188,0x0000000775a00000)
  to   space 10752K, 0% used [0x0000000774500000,0x0000000774500000,0x0000000774f80000)
 ParOldGen       total 172032K, used 24K [0x00000006c5400000, 0x00000006cfc00000, 0x000000076c700000)
  object space 172032K, 0% used [0x00000006c5400000,0x00000006c5406000,0x00000006cfc00000)
 Metaspace       used 16002K, capacity 16468K, committed 16768K, reserved 1064960K
  class space    used 1983K, capacity 2126K, committed 2176K, reserved 1048576K
}
Event: 1.629 GC heap before
{Heap before GC invocations=3 (full 0):
 PSYoungGen      total 139776K, used 57845K [0x000000076c700000, 0x0000000775a00000, 0x00000007c0000000)
  eden space 129024K, 39% used [0x000000076c700000,0x000000076f8bc4f0,0x0000000774500000)
  from space 10752K, 64% used [0x0000000774f80000,0x0000000775641188,0x0000000775a00000)
  to   space 10752K, 0% used [0x0000000774500000,0x0000000774500000,0x0000000774f80000)
 ParOldGen       total 172032K, used 24K [0x00000006c5400000, 0x00000006cfc00000, 0x000000076c700000)
  object space 172032K, 0% used [0x00000006c5400000,0x00000006c5406000,0x00000006cfc00000)
 Metaspace       used 20506K, capacity 21098K, committed 21248K, reserved 1067008K
  class space    used 2584K, capacity 2751K, committed 2816K, reserved 1048576K

Deoptimization events (10 events):
Event: 0.613 Thread 0x00007f828c00a800 Uncommon trap: reason=unstable_if action=reinterpret pc=0x00007f827d27bdc4 method=java.util.HashMap.getNode(ILjava/lang/Object;)Ljava/util/HashMap$Node; @ 129
Event: 0.660 Thread 0x00007f828c00a800 Uncommon trap: reason=unstable_if action=reinterpret pc=0x00007f827d2667f0 method=java.util.HashMap.getNode(ILjava/lang/Object;)Ljava/util/HashMap$Node; @ 129
Event: 0.775 Thread 0x00007f828c00a800 Uncommon trap: reason=unstable_if action=reinterpret pc=0x00007f827d1d6f58 method=java.lang.String.indexOf([CII[CIII)I @ 3
Event: 0.958 Thread 0x00007f828c00a800 Uncommon trap: reason=range_check action=make_not_entrant pc=0x00007f827d2db088 method=sun.reflect.generics.parser.SignatureParser.current()C @ 34
Event: 1.290 Thread 0x00007f828cbad800 Uncommon trap: reason=unstable_if action=reinterpret pc=0x00007f827d290f04 method=sun.net.www.ParseUtil.encodePath(Ljava/lang/String;Z)Ljava/lang/String; @ 109
Event: 1.375 Thread 0x00007f828c00a800 Uncommon trap: reason=unstable_if action=reinterpret pc=0x00007f827d2ed528 method=java.util.HashMap.hash(Ljava/lang/Object;)I @ 1
Event: 1.510 Thread 0x00007f828cbad800 Uncommon trap: reason=bimorphic action=maybe_recompile pc=0x00007f827d32bc30 method=java.util.HashMap.putVal(ILjava/lang/Object;Ljava/lang/Object;ZZ)Ljava/lang/Object; @ 203
Event: 1.512 Thread 0x00007f828cbad800 Uncommon trap: reason=bimorphic action=maybe_recompile pc=0x00007f827d32bc30 method=java.util.HashMap.putVal(ILjava/lang/Object;Ljava/lang/Object;ZZ)Ljava/lang/Object; @ 203
Event: 1.514 Thread 0x00007f828cbad800 Uncommon trap: reason=bimorphic action=maybe_recompile pc=0x00007f827d32bc30 method=java.util.HashMap.putVal(ILjava/lang/Object;Ljava/lang/Object;ZZ)Ljava/lang/Object; @ 203
Event: 1.616 Thread 0x00007f828c00a800 Uncommon trap: reason=unstable_if action=reinterpret pc=0x00007f827d303338 method=java.util.HashMap.hash(Ljava/lang/Object;)I @ 1

Classes redefined (0 events):
No events

Internal exceptions (10 events):
Event: 1.139 Thread 0x00007f828c00a800 Exception <a 'java/lang/NoSuchMethodError': java.lang.Object.lambda$static$1(CI)C> (0x000000076d02d8c0) thrown at [/build/openjdk-8-wnL82d/openjdk-8-8u171-b11/src/hotspot/src/share/vm/interpreter/linkResolver.cpp, line 620]
Event: 1.158 Thread 0x00007f828c00a800 Exception <a 'java/lang/NoClassDefFoundError': org/reactivestreams/Publisher> (0x000000076d305278) thrown at [/build/openjdk-8-wnL82d/openjdk-8-8u171-b11/src/hotspot/src/share/vm/classfile/systemDictionary.cpp, line 199]
Event: 1.171 Thread 0x00007f828c00a800 Exception <a 'java/lang/NoClassDefFoundError': org/reactivestreams/Publisher> (0x000000076d492f48) thrown at [/build/openjdk-8-wnL82d/openjdk-8-8u171-b11/src/hotspot/src/share/vm/classfile/systemDictionary.cpp, line 199]
Event: 1.171 Thread 0x00007f828c00a800 Exception <a 'java/lang/BootstrapMethodError'> (0x000000076d493338) thrown at [/build/openjdk-8-wnL82d/openjdk-8-8u171-b11/src/hotspot/src/share/vm/interpreter/linkResolver.cpp, line 1619]
Event: 1.171 Thread 0x00007f828c00a800 Exception <a 'java/lang/NoClassDefFoundError': org/reactivestreams/Publisher> (0x000000076d4b41f0) thrown at [/build/openjdk-8-wnL82d/openjdk-8-8u171-b11/src/hotspot/src/share/vm/classfile/systemDictionary.cpp, line 199]
Event: 1.330 Thread 0x00007f828c00a800 Exception <a 'java/lang/NoSuchMethodError': java.lang.Object.lambda$chars$0()Ljava/util/Spliterator$OfInt;> (0x000000076ef961e0) thrown at [/build/openjdk-8-wnL82d/openjdk-8-8u171-b11/src/hotspot/src/share/vm/interpreter/linkResolver.cpp, line 620]
Event: 1.359 Thread 0x00007f828cbad800 Exception <a 'java/lang/NoSuchMethodError': java.lang.Object.forClass(Ljava/lang/Class;)Lorg/hibernate/validator/internal/engine/constraintvalidation/ConstraintValidatorDescriptor;> (0x000000076f661270) thrown at [/build/openjdk-8-wnL82d/openjdk-8-8u171-b
Event: 1.375 Thread 0x00007f828c00a800 Implicit null exception at 0x00007f827d2ed4af to 0x00007f827d2ed519
Event: 1.562 Thread 0x00007f828c00a800 Exception <a 'java/lang/NoClassDefFoundError': org/springframework/jdbc/CannotGetJdbcConnectionException> (0x000000076e9badd0) thrown at [/build/openjdk-8-wnL82d/openjdk-8-8u171-b11/src/hotspot/src/share/vm/classfile/systemDictionary.cpp, line 199]
Event: 1.616 Thread 0x00007f828c00a800 Implicit null exception at 0x00007f827d3030f5 to 0x00007f827d303329

Events (10 events):
Event: 1.628 loading class org/springframework/beans/factory/config/RuntimeBeanReference done
Event: 1.628 loading class com/fasterxml/jackson/core/json/UTF8JsonGenerator
Event: 1.628 loading class com/fasterxml/jackson/core/json/UTF8JsonGenerator done
Event: 1.628 loading class org/springframework/beans/factory/config/BeanReference
Event: 1.628 loading class org/springframework/beans/factory/config/BeanReference done
Event: 1.628 loading class org/springframework/beans/PropertyValue
Event: 1.628 loading class org/springframework/beans/PropertyValue done
Event: 1.629 loading class com/fasterxml/jackson/core/io/UTF8Writer
Event: 1.629 loading class com/fasterxml/jackson/core/io/UTF8Writer done
Event: 1.629 Executing VM operation: CollectForMetadataAllocation


Dynamic libraries:
00400000-00401000 r-xp 00000000 ca:01 260045                             /usr/lib/jvm/java-8-openjdk-amd64/jre/bin/java
00600000-00601000 r--p 00000000 ca:01 260045                             /usr/lib/jvm/java-8-openjdk-amd64/jre/bin/java
00601000-00602000 rw-p 00001000 ca:01 260045                             /usr/lib/jvm/java-8-openjdk-amd64/jre/bin/java
00e08000-00e29000 rw-p 00000000 00:00 0                                  [heap]
6c5400000-6cfc00000 rw-p 00000000 00:00 0 
6cfc00000-76c700000 ---p 00000000 00:00 0 
76c700000-775a00000 rw-p 00000000 00:00 0 
77d800000-7c0000000 ---p 00000000 00:00 0 
7c0000000-7c02c0000 rw-p 00000000 00:00 0 
7c02c0000-800000000 ---p 00000000 00:00 0 
7f8220000000-7f8220021000 rw-p 00000000 00:00 0 
7f8220021000-7f8224000000 ---p 00000000 00:00 0 
7f8228000000-7f8228227000 rw-p 00000000 00:00 0 
7f8228227000-7f822c000000 ---p 00000000 00:00 0 
7f822c6dc000-7f822c8dc000 rw-p 00000000 00:00 0 
7f822c8dc000-7f822cadc000 rw-p 00000000 00:00 0 
7f822cadc000-7f822caf3000 r-xp 00000000 ca:01 1984                       /lib/x86_64-linux-gnu/libresolv-2.23.so
7f822caf3000-7f822ccf3000 ---p 00017000 ca:01 1984                       /lib/x86_64-linux-gnu/libresolv-2.23.so
7f822ccf3000-7f822ccf4000 r--p 00017000 ca:01 1984                       /lib/x86_64-linux-gnu/libresolv-2.23.so
7f822ccf4000-7f822ccf5000 rw-p 00018000 ca:01 1984                       /lib/x86_64-linux-gnu/libresolv-2.23.so
7f822ccf5000-7f822ccf7000 rw-p 00000000 00:00 0 
7f822ccf7000-7f822ccfc000 r-xp 00000000 ca:01 1990                       /lib/x86_64-linux-gnu/libnss_dns-2.23.so
7f822ccfc000-7f822cefc000 ---p 00005000 ca:01 1990                       /lib/x86_64-linux-gnu/libnss_dns-2.23.so
7f822cefc000-7f822cefd000 r--p 00005000 ca:01 1990                       /lib/x86_64-linux-gnu/libnss_dns-2.23.so
7f822cefd000-7f822cefe000 rw-p 00006000 ca:01 1990                       /lib/x86_64-linux-gnu/libnss_dns-2.23.so
7f822cefe000-7f822cf01000 ---p 00000000 00:00 0 
7f822cf01000-7f8230000000 rw-p 00000000 00:00 0 
7f8230000000-7f82300b0000 rw-p 00000000 00:00 0 
7f82300b0000-7f8234000000 ---p 00000000 00:00 0 
7f8234000000-7f8234021000 rw-p 00000000 00:00 0 
7f8234021000-7f8238000000 ---p 00000000 00:00 0 
7f8238000000-7f8238021000 rw-p 00000000 00:00 0 
7f8238021000-7f823c000000 ---p 00000000 00:00 0 
7f823c000000-7f823c021000 rw-p 00000000 00:00 0 
7f823c021000-7f8240000000 ---p 00000000 00:00 0 
7f8240000000-7f824046c000 rw-p 00000000 00:00 0 
7f824046c000-7f8244000000 ---p 00000000 00:00 0 
7f8244000000-7f8244021000 rw-p 00000000 00:00 0 
7f8244021000-7f8248000000 ---p 00000000 00:00 0 
7f8248000000-7f82483c6000 rw-p 00000000 00:00 0 
7f82483c6000-7f824c000000 ---p 00000000 00:00 0 
7f824c000000-7f824c303000 rw-p 00000000 00:00 0 
7f824c303000-7f8250000000 ---p 00000000 00:00 0 
7f8250000000-7f8250021000 rw-p 00000000 00:00 0 
7f8250021000-7f8254000000 ---p 00000000 00:00 0 
7f8254000000-7f8254021000 rw-p 00000000 00:00 0 
7f8254021000-7f8258000000 ---p 00000000 00:00 0 
7f8258000000-7f8258021000 rw-p 00000000 00:00 0 
7f8258021000-7f825c000000 ---p 00000000 00:00 0 
7f825c0a0000-7f8264000000 rw-p 00000000 00:00 0 
7f8264000000-7f8264021000 rw-p 00000000 00:00 0 
7f8264021000-7f8268000000 ---p 00000000 00:00 0 
7f8268000000-7f8268021000 rw-p 00000000 00:00 0 
7f8268021000-7f826c000000 ---p 00000000 00:00 0 
7f826c000000-7f826c021000 rw-p 00000000 00:00 0 
7f826c021000-7f8270000000 ---p 00000000 00:00 0 
7f8270000000-7f8270021000 rw-p 00000000 00:00 0 
7f8270021000-7f8274000000 ---p 00000000 00:00 0 
7f8274000000-7f8274021000 rw-p 00000000 00:00 0 
7f8274021000-7f8278000000 ---p 00000000 00:00 0 
7f82780b8000-7f82780bd000 r--s 0009d000 ca:01 260134                     /usr/lib/jvm/java-8-openjdk-amd64/jre/lib/jsse.jar
7f82780bd000-7f82780c0000 ---p 00000000 00:00 0 
7f82780c0000-7f82783be000 rw-p 00000000 00:00 0 
7f82783be000-7f82783d4000 r-xp 00000000 ca:01 260095                     /usr/lib/jvm/java-8-openjdk-amd64/jre/lib/amd64/libnet.so
7f82783d4000-7f82785d4000 ---p 00016000 ca:01 260095                     /usr/lib/jvm/java-8-openjdk-amd64/jre/lib/amd64/libnet.so
7f82785d4000-7f82785d5000 r--p 00016000 ca:01 260095                     /usr/lib/jvm/java-8-openjdk-amd64/jre/lib/amd64/libnet.so
7f82785d5000-7f82785d6000 rw-p 00017000 ca:01 260095                     /usr/lib/jvm/java-8-openjdk-amd64/jre/lib/amd64/libnet.so
7f82785d6000-7f82785e7000 r-xp 00000000 ca:01 260101                     /usr/lib/jvm/java-8-openjdk-amd64/jre/lib/amd64/libnio.so
7f82785e7000-7f82787e7000 ---p 00011000 ca:01 260101                     /usr/lib/jvm/java-8-openjdk-amd64/jre/lib/amd64/libnio.so
7f82787e7000-7f82787e8000 r--p 00011000 ca:01 260101                     /usr/lib/jvm/java-8-openjdk-amd64/jre/lib/amd64/libnio.so
7f82787e8000-7f82787e9000 rw-p 00012000 ca:01 260101                     /usr/lib/jvm/java-8-openjdk-amd64/jre/lib/amd64/libnio.so
7f82787e9000-7f82789e9000 rw-p 00000000 00:00 0 
7f82789e9000-7f82789ec000 ---p 00000000 00:00 0 
7f82789ec000-7f8278a22000 rw-p 00000000 00:00 0 
7f8278a22000-7f8278a25000 r--s 00012000 ca:01 267257                     /home/user1/.m2/repository/org/apache/maven/surefire/surefire-junit4/2.21.0/surefire-junit4-2.21.0.jar
7f8278a25000-7f8278a27000 r--s 00005000 ca:01 265003                     /home/user1/.m2/repository/xpp3/xpp3_min/1.1.4c/xpp3_min-1.1.4c.jar
7f8278a27000-7f8278a28000 r--s 00001000 ca:01 265002                     /home/user1/.m2/repository/xmlpull/xmlpull/1.1.3.1/xmlpull-1.1.3.1.jar
7f8278a28000-7f8278a36000 r--s 00082000 ca:01 264997                     /home/user1/.m2/repository/com/thoughtworks/xstream/xstream/1.4.10/xstream-1.4.10.jar
7f8278a36000-7f8278a38000 r--s 00003000 ca:01 265052                     /home/user1/.m2/repository/com/netflix/ribbon/ribbon-eureka/2.2.5/ribbon-eureka-2.2.5.jar
7f8278a38000-7f8278a51000 r--s 00102000 ca:01 265048                     /home/user1/.m2/repository/io/reactivex/rxjava/1.3.8/rxjava-1.3.8.jar
7f8278a51000-7f8278a53000 r--s 00002000 ca:01 265046                     /home/user1/.m2/repository/com/netflix/netflix-commons/netflix-statistics/0.1.1/netflix-statistics-0.1.1.jar
7f8278a53000-7f8278a57000 r--s 00024000 ca:01 265045                     /home/user1/.m2/repository/com/netflix/ribbon/ribbon-loadbalancer/2.2.5/ribbon-loadbalancer-2.2.5.jar
7f8278a57000-7f8278a58000 r--s 00001000 ca:01 268237                     /home/user1/.m2/repository/com/netflix/netflix-commons/netflix-commons-util/0.1.1/netflix-commons-util-0.1.1.jar
7f8278a58000-7f8278a65000 r--s 00083000 ca:01 265041                     /home/user1/.m2/repository/commons-collections/commons-collections/3.2.2/commons-collections-3.2.2.jar
7f8278a65000-7f8278a67000 r--s 0000c000 ca:01 265038                     /home/user1/.m2/repository/com/netflix/ribbon/ribbon-httpclient/2.2.5/ribbon-httpclient-2.2.5.jar
7f8278a67000-7f8278a6b000 r--s 00011000 ca:01 265037                     /home/user1/.m2/repository/com/netflix/ribbon/ribbon-core/2.2.5/ribbon-core-2.2.5.jar
7f8278a6b000-7f8278a6c000 r--s 00007000 ca:01 265035                     /home/user1/.m2/repository/io/netty/netty-resolver/4.1.23.Final/netty-resolver-4.1.23.Final.jar
7f8278a6c000-7f8278a75000 r--s 00067000 ca:01 265033                     /home/user1/.m2/repository/io/netty/netty-transport/4.1.23.Final/netty-transport-4.1.23.Final.jar
7f8278a75000-7f8278a77000 r--s 00006000 ca:01 265031                     /home/user1/.m2/repository/io/netty/netty-transport-native-unix-common/4.1.23.Final/netty-transport-native-unix-common-4.1.23.Final.jar
7f8278a77000-7f8278a7b000 r--s 0003f000 ca:01 265029                     /home/user1/.m2/repository/io/netty/netty-buffer/4.1.23.Final/netty-buffer-4.1.23.Final.jar
7f8278a7b000-7f8278a87000 r--s 00081000 ca:01 265026                     /home/user1/.m2/repository/io/netty/netty-common/4.1.23.Final/netty-common-4.1.23.Final.jar
7f8278a87000-7f8278a8a000 r--s 0001a000 ca:01 265025                     /home/user1/.m2/repository/io/netty/netty-transport-native-epoll/4.1.23.Final/netty-transport-native-epoll-4.1.23.Final.jar
7f8278a8a000-7f8278a91000 r--s 00047000 ca:01 265023                     /home/user1/.m2/repository/io/netty/netty-codec/4.1.23.Final/netty-codec-4.1.23.Final.jar
7f8278a91000-7f8278a9c000 r--s 0007f000 ca:01 265020                     /home/user1/.m2/repository/io/netty/netty-codec-http/4.1.23.Final/netty-codec-http-4.1.23.Final.jar
7f8278a9c000-7f8278aa6000 r--s 00059000 ca:01 265019                     /home/user1/.m2/repository/io/reactivex/rxnetty/0.4.9/rxnetty-0.4.9.jar
7f8278aa6000-7f8278aa8000 r--s 0001a000 ca:01 268234                     /home/user1/.m2/repository/org/hdrhistogram/HdrHistogram/2.1.9/HdrHistogram-2.1.9.jar
7f8278aa8000-7f8278ab4000 r--s 00068000 ca:01 265017                     /home/user1/.m2/repository/com/netflix/hystrix/hystrix-core/1.5.12/hystrix-core-1.5.12.jar
7f8278ab4000-7f8278ab6000 r--s 00006000 ca:01 265016                     /home/user1/.m2/repository/io/reactivex/rxnetty-servo/0.4.9/rxnetty-servo-0.4.9.jar
7f8278ab6000-7f8278ab9000 r--s 0000b000 ca:01 265013                     /home/user1/.m2/repository/io/reactivex/rxnetty-contexts/0.4.9/rxnetty-contexts-0.4.9.jar
7f8278ab9000-7f8278aba000 r--s 00009000 ca:01 265010                     /home/user1/.m2/repository/com/netflix/ribbon/ribbon-transport/2.2.5/ribbon-transport-2.2.5.jar
7f8278aba000-7f8278abe000 r--s 00012000 ca:01 265009                     /home/user1/.m2/repository/com/netflix/ribbon/ribbon/2.2.5/ribbon-2.2.5.jar
7f8278abe000-7f8278abf000 r--s 00000000 ca:01 268216                     /home/user1/.m2/repository/org/springframework/cloud/spring-cloud-starter-netflix-ribbon/2.0.0.M8/spring-cloud-starter-netflix-ribbon-2.0.0.M8.jar
7f8278abf000-7f8278aea000 r--s 001fc000 ca:01 268233                     /home/user1/.m2/repository/com/google/guava/guava/18.0/guava-18.0.jar
7f8278aea000-7f8278aef000 r--s 00041000 ca:01 265007                     /home/user1/.m2/repository/commons-lang/commons-lang/2.6/commons-lang-2.6.jar
7f8278aef000-7f8278af6000 r--s 00050000 ca:01 265005                     /home/user1/.m2/repository/commons-configuration/commons-configuration/1.8/commons-configuration-1.8.jar
7f8278af6000-7f8278af8000 r--s 00002000 ca:01 268210                     /home/user1/.m2/repository/org/springframework/cloud/spring-cloud-netflix-archaius/2.0.0.M8/spring-cloud-netflix-archaius-2.0.0.M8.jar
7f8278af8000-7f8278afb000 r--s 00016000 ca:01 268211                     /home/user1/.m2/repository/org/springframework/cloud/spring-cloud-netflix-ribbon/2.0.0.M8/spring-cloud-netflix-ribbon-2.0.0.M8.jar
7f8278afb000-7f8278afc000 r--s 00000000 ca:01 268208                     /home/user1/.m2/repository/org/springframework/cloud/spring-cloud-starter-netflix-archaius/2.0.0.M8/spring-cloud-starter-netflix-archaius-2.0.0.M8.jar
7f8278afc000-7f8278b00000 r--s 00024000 ca:01 264995                     /home/user1/.m2/repository/org/codehaus/woodstox/stax2-api/3.1.4/stax2-api-3.1.4.jar
7f8278b00000-7f8278b02000 r--s 00004000 ca:01 264980                     /home/user1/.m2/repository/javax/xml/stream/stax-api/1.0-2/stax-api-1.0-2.jar
7f8278b02000-7f8278b08000 r--s 00071000 ca:01 264978                     /home/user1/.m2/repository/org/codehaus/woodstox/woodstox-core-asl/4.4.1/woodstox-core-asl-4.4.1.jar
7f8278b08000-7f8278b0d000 r--s 00039000 ca:01 268229                     /home/user1/.m2/repository/com/netflix/eureka/eureka-core/1.8.7/eureka-core-1.8.7.jar
7f8278b0d000-7f8278b12000 r--s 00024000 ca:01 264970                     /home/user1/.m2/repository/com/github/andrewoma/dexx/dexx-collections/0.2/dexx-collections-0.2.jar
7f8278b12000-7f8278b13000 r--s 00004000 ca:01 264968                     /home/user1/.m2/repository/com/github/vlsi/compactmap/compactmap/1.2.1/compactmap-1.2.1.jar
7f8278b13000-7f8278b15000 r--s 00000000 ca:01 264967                     /home/user1/.m2/repository/aopalliance/aopalliance/1.0/aopalliance-1.0.jar
7f8278b15000-7f8278b16000 r--s 00000000 ca:01 264988                     /home/user1/.m2/repository/javax/inject/javax.inject/1/javax.inject-1.jar
7f8278b16000-7f8278b24000 r--s 00097000 ca:01 264964                     /home/user1/.m2/repository/com/google/inject/guice/4.1.0/guice-4.1.0.jar
7f8278b24000-7f8278b2b000 r--s 0004b000 ca:01 264963                     /home/user1/.m2/repository/commons-codec/commons-codec/1.11/commons-codec-1.11.jar
7f8278b2b000-7f8278b32000 r--s 00049000 ca:01 264959                     /home/user1/.m2/repository/org/apache/httpcomponents/httpcore/4.4.9/httpcore-4.4.9.jar
7f8278b32000-7f8278b40000 r--s 000ae000 ca:01 264958                     /home/user1/.m2/repository/org/apache/httpcomponents/httpclient/4.5.5/httpclient-4.5.5.jar
7f8278b40000-7f8278b42000 r--s 00003000 ca:01 264957                     /home/user1/.m2/repository/com/sun/jersey/contribs/jersey-apache-client4/1.19.1/jersey-apache-client4-1.19.1.jar
7f8278b42000-7f8278b45000 r--s 0001e000 ca:01 264955                     /home/user1/.m2/repository/com/sun/jersey/jersey-client/1.19.1/jersey-client-1.19.1.jar
7f8278b45000-7f8278b4f000 r--s 00061000 ca:01 264953                     /home/user1/.m2/repository/com/sun/jersey/jersey-core/1.19.1/jersey-core-1.19.1.jar
7f8278b4f000-7f8278b53000 r--s 00027000 ca:01 268227                     /home/user1/.m2/repository/com/netflix/servo/servo-internal/0.10.1/servo-internal-0.10.1.jar
7f8278b53000-7f8278b58000 r--s 00032000 ca:01 268225                     /home/user1/.m2/repository/com/netflix/servo/servo-core/0.10.1/servo-core-0.10.1.jar
7f8278b58000-7f8278b5a000 r--s 0000a000 ca:01 264948                     /home/user1/.m2/repository/javax/ws/rs/jsr311-api/1.1.1/jsr311-api-1.1.1.jar
7f8278b5a000-7f8278b5e000 r--s 0001f000 ca:01 268223                     /home/user1/.m2/repository/com/netflix/archaius/archaius-core/0.7.5/archaius-core-0.7.5.jar
7f8278b5e000-7f8278b71000 r--s 000df000 ca:01 264947                     /home/user1/.m2/repository/org/apache/commons/commons-math/2.2/commons-math-2.2.jar
7f8278b71000-7f8278b76000 r--s 00034000 ca:01 264946                     /home/user1/.m2/repository/com/google/code/gson/gson/2.8.2/gson-2.8.2.jar
7f8278b76000-7f8278b7b000 r--s 00068000 ca:01 264943                     /home/user1/.m2/repository/antlr/antlr/2.7.7/antlr-2.7.7.jar
7f8278b7b000-7f8278b7e000 r--s 00022000 ca:01 264940                     /home/user1/.m2/repository/org/antlr/stringtemplate/3.2.1/stringtemplate-3.2.1.jar
7f8278b7e000-7f8278b82000 r--s 00025000 ca:01 264938                     /home/user1/.m2/repository/org/antlr/antlr-runtime/3.4/antlr-runtime-3.4.jar
7f8278b82000-7f8278b93000 r--s 0008a000 ca:01 264937                     /home/user1/.m2/repository/joda-time/joda-time/2.9.9/joda-time-2.9.9.jar
7f8278b93000-7f8278b99000 r--s 00044000 ca:01 264936                     /home/user1/.m2/repository/commons-jxpath/commons-jxpath/1.3/commons-jxpath-1.3.jar
7f8278b99000-7f8278b9c000 r--s 00016000 ca:01 264934                     /home/user1/.m2/repository/com/netflix/netflix-commons/netflix-infix/0.3.0/netflix-infix-0.3.0.jar
7f8278b9c000-7f8278b9e000 r--s 0000f000 ca:01 264930                     /home/user1/.m2/repository/com/netflix/netflix-commons/netflix-eventbus/0.3.0/netflix-eventbus-0.3.0.jar
7f8278b9e000-7f8278ba0000 r--s 00005000 ca:01 264928                     /home/user1/.m2/repository/stax/stax-api/1.0.1/stax-api-1.0.1.jar
7f8278ba0000-7f8278ba3000 r--s 00012000 ca:01 264927                     /home/user1/.m2/repository/org/codehaus/jettison/jettison/1.3.7/jettison-1.3.7.jar
7f8278ba3000-7f8278bae000 r--s 00061000 ca:01 268202                     /home/user1/.m2/repository/com/netflix/eureka/eureka-client/1.8.7/eureka-client-1.8.7.jar
7f8278bae000-7f8278bb2000 r--s 00014000 ca:01 268207                     /home/user1/.m2/repository/org/springframework/cloud/spring-cloud-netflix-eureka-client/2.0.0.M8/spring-cloud-netflix-eureka-client-2.0.0.M8.jar
7f8278bb2000-7f8278bcb000 r--s 001bf000 ca:01 264922                     /home/user1/.m2/repository/org/aspectj/aspectjweaver/1.8.13/aspectjweaver-1.8.13.jar
7f8278bcb000-7f8278bcc000 r--s 00000000 ca:01 264859                     /home/user1/.m2/repository/org/springframework/boot/spring-boot-starter-aop/2.0.1.RELEASE/spring-boot-starter-aop-2.0.1.RELEASE.jar
7f8278bcc000-7f8278bce000 r--s 00005000 ca:01 268203                     /home/user1/.m2/repository/org/springframework/cloud/spring-cloud-netflix-core/2.0.0.M8/spring-cloud-netflix-core-2.0.0.M8.jar
7f8278bce000-7f8278bcf000 r--s 00000000 ca:01 268195                     /home/user1/.m2/repository/org/springframework/cloud/spring-cloud-starter-netflix-eureka-client/2.0.0.M8/spring-cloud-starter-netflix-eureka-client-2.0.0.M8.jar
7f8278bcf000-7f8278bd4000 r--s 00022000 ca:01 265083                     /home/user1/.m2/repository/org/xmlunit/xmlunit-core/2.5.1/xmlunit-core-2.5.1.jar
7f8278bd4000-7f8278be2000 r--s 00085000 ca:01 264853                     /home/user1/.m2/repository/org/springframework/spring-test/5.0.5.RELEASE/spring-test-5.0.5.RELEASE.jar
7f8278be2000-7f8278be4000 r--s 00004000 ca:01 264863                     /home/user1/.m2/repository/org/springframework/spring-jcl/5.0.5.RELEASE/spring-jcl-5.0.5.RELEASE.jar
7f8278be4000-7f8278bfc000 r--s 00114000 ca:01 264870                     /home/user1/.m2/repository/org/springframework/spring-core/5.0.5.RELEASE/spring-core-5.0.5.RELEASE.jar
7f8278bfc000-7f8278bfd000 r--s 00004000 ca:01 265081                     /home/user1/.m2/repository/com/vaadin/external/google/android-json/0.0.20131108.vaadin1/android-json-0.0.20131108.vaadin1.jar
7f8278bfd000-7f8278bff000 r--s 00006000 ca:01 265078                     /home/user1/.m2/repository/org/skyscreamer/jsonassert/1.5.0/jsonassert-1.5.0.jar
7f8278bff000-7f8278c00000 r--s 0000c000 ca:01 265076                     /home/user1/.m2/repository/org/hamcrest/hamcrest-library/1.3/hamcrest-library-1.3.jar
7f8278c00000-7f8278c02000 r--s 00009000 ca:01 265074                     /home/user1/.m2/repository/org/hamcrest/hamcrest-core/1.3/hamcrest-core-1.3.jar
7f8278c02000-7f8278c04000 r--s 0000c000 ca:01 265072                     /home/user1/.m2/repository/org/objenesis/objenesis/2.6/objenesis-2.6.jar
7f8278c04000-7f8278c06000 r--s 00009000 ca:01 265070                     /home/user1/.m2/repository/net/bytebuddy/byte-buddy-agent/1.7.11/byte-buddy-agent-1.7.11.jar
7f8278c06000-7f8278c42000 r--s 00290000 ca:01 265069                     /home/user1/.m2/repository/net/bytebuddy/byte-buddy/1.7.11/byte-buddy-1.7.11.jar
7f8278c42000-7f8278c52000 r--s 00075000 ca:01 265066                     /home/user1/.m2/repository/org/mockito/mockito-core/2.15.0/mockito-core-2.15.0.jar
7f8278c52000-7f8278ca7000 r--s 00367000 ca:01 265064                     /home/user1/.m2/repository/org/assertj/assertj-core/3.9.1/assertj-core-3.9.1.jar
7f8278ca7000-7f8278caf000 r--s 00045000 ca:01 265063                     /home/user1/.m2/repository/junit/junit/4.12/junit-4.12.jar
7f8278caf000-7f8278cb1000 r--s 0000c000 ca:01 265062                     /home/user1/.m2/repository/org/ow2/asm/asm/5.0.4/asm-5.0.4.jar
7f8278cb1000-7f8278cb3000 r--s 00006000 ca:01 265060                     /home/user1/.m2/repository/net/minidev/accessors-smart/1.2/accessors-smart-1.2.jar
7f8278cb3000-7f8278cb6000 r--s 0001b000 ca:01 265055                     /home/user1/.m2/repository/net/minidev/json-smart/2.3/json-smart-2.3.jar
7f8278cb6000-7f8278cbc000 r--s 00031000 ca:01 265054                     /home/user1/.m2/repository/com/jayway/jsonpath/json-path/2.4.0/json-path-2.4.0.jar
7f8278cbc000-7f8278cc3000 r--s 00020000 ca:01 264822                     /home/user1/.m2/repository/org/springframework/boot/spring-boot-test-autoconfigure/2.0.1.RELEASE/spring-boot-test-autoconfigure-2.0.1.RELEASE.jar
7f8278cc3000-7f8278cc8000 r--s 0002b000 ca:01 264865                     /home/user1/.m2/repository/org/springframework/boot/spring-boot-test/2.0.1.RELEASE/spring-boot-test-2.0.1.RELEASE.jar
7f8278cc8000-7f8278cc9000 r--s 00000000 ca:01 264860                     /home/user1/.m2/repository/org/springframework/boot/spring-boot-starter-test/2.0.1.RELEASE/spring-boot-starter-test-2.0.1.RELEASE.jar
7f8278cc9000-7f8278ce9000 r--s 000fa000 ca:01 264823                     /home/user1/.m2/repository/org/springframework/boot/spring-boot-autoconfigure/2.0.1.RELEASE/spring-boot-autoconfigure-2.0.1.RELEASE.jar
7f8278ce9000-7f8278cfe000 r--s 000ce000 ca:01 264819                     /home/user1/.m2/repository/org/springframework/boot/spring-boot/2.0.1.RELEASE/spring-boot-2.0.1.RELEASE.jar
7f8278cfe000-7f8278d04000 r--s 0002d000 ca:01 268214                     /home/user1/.m2/repository/org/springframework/boot/spring-boot-devtools/2.0.1.RELEASE/spring-boot-devtools-2.0.1.RELEASE.jar
7f8278d04000-7f8278d13000 r--s 000b2000 ca:01 264839                     /home/user1/.m2/repository/org/springframework/spring-webmvc/5.0.5.RELEASE/spring-webmvc-5.0.5.RELEASE.jar
7f8278d13000-7f8278d2d000 r--s 00119000 ca:01 264840                     /home/user1/.m2/repository/org/springframework/spring-web/5.0.5.RELEASE/spring-web-5.0.5.RELEASE.jar
7f8278d2d000-7f8278d2f000 r--s 0000e000 ca:01 264914                     /home/user1/.m2/repository/com/fasterxml/classmate/1.3.4/classmate-1.3.4.jar
7f8278d2f000-7f8278d31000 r--s 0000f000 ca:01 264913                     /home/user1/.m2/repository/org/jboss/logging/jboss-logging/3.3.2.Final/jboss-logging-3.3.2.Final.jar
7f8278d31000-7f8278d36000 r--s 00012000 ca:01 264909                     /home/user1/.m2/repository/javax/validation/validation-api/2.0.1.Final/validation-api-2.0.1.Final.jar
7f8278d36000-7f8278d53000 r--s 000f8000 ca:01 264908                     /home/user1/.m2/repository/org/hibernate/validator/hibernate-validator/6.0.9.Final/hibernate-validator-6.0.9.Final.jar
7f8278d53000-7f8278d58000 r--s 0003a000 ca:01 264907                     /home/user1/.m2/repository/org/apache/tomcat/embed/tomcat-embed-websocket/8.5.29/tomcat-embed-websocket-8.5.29.jar
7f8278d58000-7f8278d5c000 r--s 00037000 ca:01 264906                     /home/user1/.m2/repository/org/apache/tomcat/embed/tomcat-embed-el/8.5.29/tomcat-embed-el-8.5.29.jar
7f8278d5c000-7f8278d86000 r--s 002cc000 ca:01 264903                     /home/user1/.m2/repository/org/apache/tomcat/embed/tomcat-embed-core/8.5.29/tomcat-embed-core-8.5.29.jar
7f8278d86000-7f8278d87000 r--s 00000000 ca:01 264836                     /home/user1/.m2/repository/org/springframework/boot/spring-boot-starter-tomcat/2.0.1.RELEASE/spring-boot-starter-tomcat-2.0.1.RELEASE.jar
7f8278d87000-7f8278d88000 r--s 00000000 ca:01 264833                     /home/user1/.m2/repository/org/springframework/boot/spring-boot-starter-web/2.0.1.RELEASE/spring-boot-starter-web-2.0.1.RELEASE.jar
7f8278d88000-7f8278d8a000 r--s 00002000 ca:01 269915                     /home/user1/.m2/repository/org/atteo/evo-inflector/1.2.2/evo-inflector-1.2.2.jar
7f8278d8a000-7f8278d8b000 r--s 00004000 ca:01 269666                     /home/user1/.m2/repository/org/springframework/plugin/spring-plugin-core/1.2.0.RELEASE/spring-plugin-core-1.2.0.RELEASE.jar
7f8278d8b000-7f8278d90000 r--s 0002e000 ca:01 513038                     /home/user1/.m2/repository/org/springframework/hateoas/spring-hateoas/0.24.0.RELEASE/spring-hateoas-0.24.0.RELEASE.jar
7f8278d90000-7f8278d95000 r--s 0001d000 ca:01 513036                     /home/user1/.m2/repository/org/springframework/data/spring-data-rest-core/3.0.6.RELEASE/spring-data-rest-core-3.0.6.RELEASE.jar
7f8278d95000-7f8278d9d000 r--s 0004b000 ca:01 513034                     /home/user1/.m2/repository/org/springframework/data/spring-data-rest-webmvc/3.0.6.RELEASE/spring-data-rest-webmvc-3.0.6.RELEASE.jar
7f8278d9d000-7f8278d9f000 r--s 00001000 ca:01 264900                     /home/user1/.m2/repository/com/fasterxml/jackson/module/jackson-module-parameter-names/2.9.3/jackson-module-parameter-names-2.9.3.jar
7f8278d9f000-7f8278da2000 r--s 00015000 ca:01 264890                     /home/user1/.m2/repository/com/fasterxml/jackson/datatype/jackson-datatype-jsr310/2.9.3/jackson-datatype-jsr310-2.9.3.jar
7f8278da2000-7f8278da4000 r--s 00007000 ca:01 264899                     /home/user1/.m2/repository/com/fasterxml/jackson/datatype/jackson-datatype-jdk8/2.9.3/jackson-datatype-jdk8-2.9.3.jar
7f8278da4000-7f8278da5000 r--s 00000000 ca:01 264820                     /home/user1/.m2/repository/org/springframework/boot/spring-boot-starter-json/2.0.1.RELEASE/spring-boot-starter-json-2.0.1.RELEASE.jar
7f8278da5000-7f8278da6000 r--s 00000000 ca:01 513032                     /home/user1/.m2/repository/org/springframework/boot/spring-boot-starter-data-rest/2.0.1.RELEASE/spring-boot-starter-data-rest-2.0.1.RELEASE.jar
7f8278da6000-7f8278da8000 r--s 00009000 ca:01 265053                     /home/user1/.m2/repository/org/slf4j/slf4j-api/1.7.25/slf4j-api-1.7.25.jar
7f8278da8000-7f8278dbf000 r--s 000f0000 ca:01 269270                     /home/user1/.m2/repository/org/springframework/data/spring-data-commons/2.0.6.RELEASE/spring-data-commons-2.0.6.RELEASE.jar
7f8278dbf000-7f8278ddc000 r--s 00113000 ca:01 269274                     /home/user1/.m2/repository/org/springframework/data/spring-data-mongodb/2.0.6.RELEASE/spring-data-mongodb-2.0.6.RELEASE.jar
7f8278ddc000-7f8278df2000 r--s 000fb000 ca:01 269281                     /home/user1/.m2/repository/org/mongodb/mongodb-driver-core/3.6.3/mongodb-driver-core-3.6.3.jar
7f8278df2000-7f8278dfa000 r--s 00059000 ca:01 269271                     /home/user1/.m2/repository/org/mongodb/bson/3.6.3/bson-3.6.3.jar
7f8278dfa000-7f8278e01000 r--s 00058000 ca:01 269267                     /home/user1/.m2/repository/org/mongodb/mongodb-driver/3.6.3/mongodb-driver-3.6.3.jar
7f8278e01000-7f8278e08000 r--s 00042000 ca:01 264884                     /home/user1/.m2/repository/org/yaml/snakeyaml/1.19/snakeyaml-1.19.jar
7f8278e08000-7f8278e0a000 r--s 00005000 ca:01 264883                     /home/user1/.m2/repository/javax/annotation/javax.annotation-api/1.3.2/javax.annotation-api-1.3.2.jar
7f8278e0a000-7f8278e0c000 r--s 00000000 ca:01 264877                     /home/user1/.m2/repository/org/slf4j/jul-to-slf4j/1.7.25/jul-to-slf4j-1.7.25.jar
7f8278e0c000-7f8278e12000 r--s 00039000 ca:01 264875                     /home/user1/.m2/repository/org/apache/logging/log4j/log4j-api/2.10.0/log4j-api-2.10.0.jar
7f8278e12000-7f8278e14000 r--s 00003000 ca:01 264873                     /home/user1/.m2/repository/org/apache/logging/log4j/log4j-to-slf4j/2.10.0/log4j-to-slf4j-2.10.0.jar
7f8278e14000-7f8278e1f000 r--s 00069000 ca:01 264871                     /home/user1/.m2/repository/ch/qos/logback/logback-core/1.2.3/logback-core-1.2.3.jar
7f8278e1f000-7f8278e25000 r--s 00041000 ca:01 264827                     /home/user1/.m2/repository/ch/qos/logback/logback-classic/1.2.3/logback-classic-1.2.3.jar
7f8278e25000-7f8278e26000 r--s 00000000 ca:01 264821                     /home/user1/.m2/repository/org/springframework/boot/spring-boot-starter-logging/2.0.1.RELEASE/spring-boot-starter-logging-2.0.1.RELEASE.jar
7f8278e26000-7f8278e27000 r--s 00000000 ca:01 264817                     /home/user1/.m2/repository/org/springframework/boot/spring-boot-starter/2.0.1.RELEASE/spring-boot-starter-2.0.1.RELEASE.jar
7f8278e27000-7f8278e2a000 r--s 0016d000 ca:01 269293                     /home/user1/.m2/repository/org/xerial/snappy/snappy-java/1.1.4/snappy-java-1.1.4.jar
7f8278e2a000-7f8278e2d000 r--s 00058000 ca:01 269290                     /home/user1/.m2/repository/org/lz4/lz4-java/1.4/lz4-java-1.4.jar
7f8278e2d000-7f8278e49000 r--s 0016a000 ca:01 269287                     /home/user1/.m2/repository/org/apache/kafka/kafka-clients/1.0.1/kafka-clients-1.0.1.jar
7f8278e49000-7f8278e4d000 r--s 0001c000 ca:01 269278                     /home/user1/.m2/repository/org/springframework/retry/spring-retry/1.2.2.RELEASE/spring-retry-1.2.2.RELEASE.jar
7f8278e4d000-7f8278e55000 r--s 00037000 ca:01 269276                     /home/user1/.m2/repository/org/springframework/spring-tx/5.0.5.RELEASE/spring-tx-5.0.5.RELEASE.jar
7f8278e55000-7f8278e5d000 r--s 00054000 ca:01 269272                     /home/user1/.m2/repository/org/springframework/spring-messaging/5.0.5.RELEASE/spring-messaging-5.0.5.RELEASE.jar
7f8278e5d000-7f8278e62000 r--s 0003f000 ca:01 264845                     /home/user1/.m2/repository/org/springframework/spring-expression/5.0.5.RELEASE/spring-expression-5.0.5.RELEASE.jar
7f8278e62000-7f8278e6f000 r--s 00095000 ca:01 264841                     /home/user1/.m2/repository/org/springframework/spring-beans/5.0.5.RELEASE/spring-beans-5.0.5.RELEASE.jar
7f8278e6f000-7f8278e78000 r--s 00051000 ca:01 264843                     /home/user1/.m2/repository/org/springframework/spring-aop/5.0.5.RELEASE/spring-aop-5.0.5.RELEASE.jar
7f8278e78000-7f8278e92000 r--s 000f1000 ca:01 264832                     /home/user1/.m2/repository/org/springframework/spring-context/5.0.5.RELEASE/spring-context-5.0.5.RELEASE.jar
7f8278e92000-7f8278e99000 r--s 0003b000 ca:01 269268                     /home/user1/.m2/repository/org/springframework/kafka/spring-kafka/2.1.5.RELEASE/spring-kafka-2.1.5.RELEASE.jar
7f8278e99000-7f8278e9d000 r--s 0004b000 ca:01 264887                     /home/user1/.m2/repository/com/fasterxml/jackson/core/jackson-core/2.9.3/jackson-core-2.9.3.jar
7f8278e9d000-7f8278eb0000 r--s 00134000 ca:01 264885                     /home/user1/.m2/repository/com/fasterxml/jackson/core/jackson-databind/2.9.3/jackson-databind-2.9.3.jar
7f8278eb0000-7f8278eb3000 r--s 0000e000 ca:01 264886                     /home/user1/.m2/repository/com/fasterxml/jackson/core/jackson-annotations/2.9.0/jackson-annotations-2.9.0.jar
7f8278eb3000-7f8278efe000 r--s 002ff000 ca:01 264919                     /home/user1/.m2/repository/org/bouncycastle/bcprov-jdk15on/1.56/bcprov-jdk15on-1.56.jar
7f8278efe000-7f8278f0f000 r--s 00097000 ca:01 264917                     /home/user1/.m2/repository/org/bouncycastle/bcpkix-jdk15on/1.56/bcpkix-jdk15on-1.56.jar
7f8278f0f000-7f8278f14000 r--s 0001b000 ca:01 268199                     /home/user1/.m2/repository/org/springframework/cloud/spring-cloud-commons/2.0.0.M9/spring-cloud-commons-2.0.0.M9.jar
7f8278f14000-7f8278f17000 ---p 00000000 00:00 0 
7f8278f17000-7f8279015000 rw-p 00000000 00:00 0 
7f8279015000-7f827901e000 r-xp 00000000 ca:01 260100                     /usr/lib/jvm/java-8-openjdk-amd64/jre/lib/amd64/libmanagement.so
7f827901e000-7f827921d000 ---p 00009000 ca:01 260100                     /usr/lib/jvm/java-8-openjdk-amd64/jre/lib/amd64/libmanagement.so
7f827921d000-7f827921e000 r--p 00008000 ca:01 260100                     /usr/lib/jvm/java-8-openjdk-amd64/jre/lib/amd64/libmanagement.so
7f827921e000-7f827921f000 rw-p 00009000 ca:01 260100                     /usr/lib/jvm/java-8-openjdk-amd64/jre/lib/amd64/libmanagement.so
7f827921f000-7f8279222000 ---p 00000000 00:00 0 
7f8279222000-7f8279320000 rw-p 00000000 00:00 0 
7f8279320000-7f8279321000 ---p 00000000 00:00 0 
7f8279321000-7f8279421000 rw-p 00000000 00:00 0 
7f8279421000-7f8279424000 ---p 00000000 00:00 0 
7f8279424000-7f8279522000 rw-p 00000000 00:00 0 
7f8279522000-7f8279525000 ---p 00000000 00:00 0 
7f8279525000-7f8279623000 rw-p 00000000 00:00 0 
7f8279623000-7f8279626000 ---p 00000000 00:00 0 
7f8279626000-7f8279724000 rw-p 00000000 00:00 0 
7f8279724000-7f8279727000 ---p 00000000 00:00 0 
7f8279727000-7f8279825000 rw-p 00000000 00:00 0 
7f8279825000-7f8279828000 ---p 00000000 00:00 0 
7f8279828000-7f8279926000 rw-p 00000000 00:00 0 
7f8279926000-7f8279abe000 r--p 00000000 ca:01 29052                      /usr/lib/locale/locale-archive
7f8279abe000-7f8279ac1000 ---p 00000000 00:00 0 
7f8279ac1000-7f8279bbf000 rw-p 00000000 00:00 0 
7f8279bbf000-7f8279bc2000 ---p 00000000 00:00 0 
7f8279bc2000-7f8279cc0000 rw-p 00000000 00:00 0 
7f8279cc0000-7f8279cc1000 ---p 00000000 00:00 0 
7f8279cc1000-7f827acd0000 rw-p 00000000 00:00 0 
7f827acd0000-7f827ae9f000 r--s 03c2f000 ca:01 260124                     /usr/lib/jvm/java-8-openjdk-amd64/jre/lib/rt.jar
7f827ae9f000-7f827beeb000 rw-p 00000000 00:00 0 
7f827beeb000-7f827beec000 ---p 00000000 00:00 0 
7f827beec000-7f827bfec000 rw-p 00000000 00:00 0 
7f827bfec000-7f827bfed000 ---p 00000000 00:00 0 
7f827bfed000-7f827c0ed000 rw-p 00000000 00:00 0 
7f827c0ed000-7f827c0ee000 ---p 00000000 00:00 0 
7f827c0ee000-7f827c1ee000 rw-p 00000000 00:00 0 
7f827c1ee000-7f827c1ef000 ---p 00000000 00:00 0 
7f827c1ef000-7f827c343000 rw-p 00000000 00:00 0 
7f827c343000-7f827c829000 ---p 00000000 00:00 0 
7f827c829000-7f827c87d000 rw-p 00000000 00:00 0 
7f827c87d000-7f827cd62000 ---p 00000000 00:00 0 
7f827cd62000-7f827cdac000 rw-p 00000000 00:00 0 
7f827cdac000-7f827cfff000 ---p 00000000 00:00 0 
7f827cfff000-7f827d000000 rw-p 00000000 00:00 0 
7f827d000000-7f827d4f0000 rwxp 00000000 00:00 0 
7f827d4f0000-7f828c000000 ---p 00000000 00:00 0 
7f828c000000-7f828cc8f000 rw-p 00000000 00:00 0 
7f828cc8f000-7f8290000000 ---p 00000000 00:00 0 
7f8290000000-7f8290001000 r--s 00000000 ca:01 269266                     /home/user1/.m2/repository/org/springframework/boot/spring-boot-starter-data-mongodb/2.0.1.RELEASE/spring-boot-starter-data-mongodb-2.0.1.RELEASE.jar
7f8290001000-7f8290003000 r--s 00007000 ca:01 268218                     /home/user1/.m2/repository/org/springframework/cloud/spring-cloud-config-client/2.0.0.M9/spring-cloud-config-client-2.0.0.M9.jar
7f8290003000-7f8290004000 r--s 00004000 ca:01 264851                     /home/user1/.m2/repository/org/springframework/security/spring-security-rsa/1.0.5.RELEASE/spring-security-rsa-1.0.5.RELEASE.jar
7f8290004000-7f8290006000 r--s 00010000 ca:01 264848                     /home/user1/.m2/repository/org/springframework/security/spring-security-crypto/5.0.4.RELEASE/spring-security-crypto-5.0.4.RELEASE.jar
7f8290006000-7f8290009000 r--s 00016000 ca:01 268201                     /home/user1/.m2/repository/org/springframework/cloud/spring-cloud-context/2.0.0.M9/spring-cloud-context-2.0.0.M9.jar
7f8290009000-7f829000a000 r--s 00000000 ca:01 268197                     /home/user1/.m2/repository/org/springframework/cloud/spring-cloud-starter/2.0.0.M9/spring-cloud-starter-2.0.0.M9.jar
7f829000a000-7f8290025000 r--s 001d6000 ca:01 260058                     /usr/lib/jvm/java-8-openjdk-amd64/jre/lib/ext/nashorn.jar
7f8290025000-7f8290087000 rw-p 00000000 00:00 0 
7f8290087000-7f8290433000 ---p 00000000 00:00 0 
7f8290433000-7f829043b000 r-xp 00000000 ca:01 260087                     /usr/lib/jvm/java-8-openjdk-amd64/jre/lib/amd64/libzip.so
7f829043b000-7f829063a000 ---p 00008000 ca:01 260087                     /usr/lib/jvm/java-8-openjdk-amd64/jre/lib/amd64/libzip.so
7f829063a000-7f829063b000 r--p 00007000 ca:01 260087                     /usr/lib/jvm/java-8-openjdk-amd64/jre/lib/amd64/libzip.so
7f829063b000-7f829063c000 rw-p 00008000 ca:01 260087                     /usr/lib/jvm/java-8-openjdk-amd64/jre/lib/amd64/libzip.so
7f829063c000-7f8290647000 r-xp 00000000 ca:01 1993                       /lib/x86_64-linux-gnu/libnss_files-2.23.so
7f8290647000-7f8290846000 ---p 0000b000 ca:01 1993                       /lib/x86_64-linux-gnu/libnss_files-2.23.so
7f8290846000-7f8290847000 r--p 0000a000 ca:01 1993                       /lib/x86_64-linux-gnu/libnss_files-2.23.so
7f8290847000-7f8290848000 rw-p 0000b000 ca:01 1993                       /lib/x86_64-linux-gnu/libnss_files-2.23.so
7f8290848000-7f829084e000 rw-p 00000000 00:00 0 
7f829084e000-7f8290859000 r-xp 00000000 ca:01 1997                       /lib/x86_64-linux-gnu/libnss_nis-2.23.so
7f8290859000-7f8290a58000 ---p 0000b000 ca:01 1997                       /lib/x86_64-linux-gnu/libnss_nis-2.23.so
7f8290a58000-7f8290a59000 r--p 0000a000 ca:01 1997                       /lib/x86_64-linux-gnu/libnss_nis-2.23.so
7f8290a59000-7f8290a5a000 rw-p 0000b000 ca:01 1997                       /lib/x86_64-linux-gnu/libnss_nis-2.23.so
7f8290a5a000-7f8290a70000 r-xp 00000000 ca:01 1977                       /lib/x86_64-linux-gnu/libnsl-2.23.so
7f8290a70000-7f8290c6f000 ---p 00016000 ca:01 1977                       /lib/x86_64-linux-gnu/libnsl-2.23.so
7f8290c6f000-7f8290c70000 r--p 00015000 ca:01 1977                       /lib/x86_64-linux-gnu/libnsl-2.23.so
7f8290c70000-7f8290c71000 rw-p 00016000 ca:01 1977                       /lib/x86_64-linux-gnu/libnsl-2.23.so
7f8290c71000-7f8290c73000 rw-p 00000000 00:00 0 
7f8290c73000-7f8290c7b000 r-xp 00000000 ca:01 1988                       /lib/x86_64-linux-gnu/libnss_compat-2.23.so
7f8290c7b000-7f8290e7a000 ---p 00008000 ca:01 1988                       /lib/x86_64-linux-gnu/libnss_compat-2.23.so
7f8290e7a000-7f8290e7b000 r--p 00007000 ca:01 1988                       /lib/x86_64-linux-gnu/libnss_compat-2.23.so
7f8290e7b000-7f8290e7c000 rw-p 00008000 ca:01 1988                       /lib/x86_64-linux-gnu/libnss_compat-2.23.so
7f8290e7c000-7f8290ea9000 r-xp 00000000 ca:01 260078                     /usr/lib/jvm/java-8-openjdk-amd64/jre/lib/amd64/libjava.so
7f8290ea9000-7f82910a8000 ---p 0002d000 ca:01 260078                     /usr/lib/jvm/java-8-openjdk-amd64/jre/lib/amd64/libjava.so
7f82910a8000-7f82910a9000 r--p 0002c000 ca:01 260078                     /usr/lib/jvm/java-8-openjdk-amd64/jre/lib/amd64/libjava.so
7f82910a9000-7f82910ab000 rw-p 0002d000 ca:01 260078                     /usr/lib/jvm/java-8-openjdk-amd64/jre/lib/amd64/libjava.so
7f82910ab000-7f82910ba000 r-xp 00000000 ca:01 260064                     /usr/lib/jvm/java-8-openjdk-amd64/jre/lib/amd64/libverify.so
7f82910ba000-7f82912b9000 ---p 0000f000 ca:01 260064                     /usr/lib/jvm/java-8-openjdk-amd64/jre/lib/amd64/libverify.so
7f82912b9000-7f82912bb000 r--p 0000e000 ca:01 260064                     /usr/lib/jvm/java-8-openjdk-amd64/jre/lib/amd64/libverify.so
7f82912bb000-7f82912bc000 rw-p 00010000 ca:01 260064                     /usr/lib/jvm/java-8-openjdk-amd64/jre/lib/amd64/libverify.so
7f82912bc000-7f82912c3000 r-xp 00000000 ca:01 1998                       /lib/x86_64-linux-gnu/librt-2.23.so
7f82912c3000-7f82914c2000 ---p 00007000 ca:01 1998                       /lib/x86_64-linux-gnu/librt-2.23.so
7f82914c2000-7f82914c3000 r--p 00006000 ca:01 1998                       /lib/x86_64-linux-gnu/librt-2.23.so
7f82914c3000-7f82914c4000 rw-p 00007000 ca:01 1998                       /lib/x86_64-linux-gnu/librt-2.23.so
7f82914c4000-7f82914da000 r-xp 00000000 ca:01 1975                       /lib/x86_64-linux-gnu/libgcc_s.so.1
7f82914da000-7f82916d9000 ---p 00016000 ca:01 1975                       /lib/x86_64-linux-gnu/libgcc_s.so.1
7f82916d9000-7f82916da000 rw-p 00015000 ca:01 1975                       /lib/x86_64-linux-gnu/libgcc_s.so.1
7f82916da000-7f82917e2000 r-xp 00000000 ca:01 1976                       /lib/x86_64-linux-gnu/libm-2.23.so
7f82917e2000-7f82919e1000 ---p 00108000 ca:01 1976                       /lib/x86_64-linux-gnu/libm-2.23.so
7f82919e1000-7f82919e2000 r--p 00107000 ca:01 1976                       /lib/x86_64-linux-gnu/libm-2.23.so
7f82919e2000-7f82919e3000 rw-p 00108000 ca:01 1976                       /lib/x86_64-linux-gnu/libm-2.23.so
7f82919e3000-7f8291b55000 r-xp 00000000 ca:01 25468                      /usr/lib/x86_64-linux-gnu/libstdc++.so.6.0.21
7f8291b55000-7f8291d55000 ---p 00172000 ca:01 25468                      /usr/lib/x86_64-linux-gnu/libstdc++.so.6.0.21
7f8291d55000-7f8291d5f000 r--p 00172000 ca:01 25468                      /usr/lib/x86_64-linux-gnu/libstdc++.so.6.0.21
7f8291d5f000-7f8291d61000 rw-p 0017c000 ca:01 25468                      /usr/lib/x86_64-linux-gnu/libstdc++.so.6.0.21
7f8291d61000-7f8291d65000 rw-p 00000000 00:00 0 
7f8291d65000-7f82929be000 r-xp 00000000 ca:01 260093                     /usr/lib/jvm/java-8-openjdk-amd64/jre/lib/amd64/server/libjvm.so
7f82929be000-7f8292bbe000 ---p 00c59000 ca:01 260093                     /usr/lib/jvm/java-8-openjdk-amd64/jre/lib/amd64/server/libjvm.so
7f8292bbe000-7f8292c51000 r--p 00c59000 ca:01 260093                     /usr/lib/jvm/java-8-openjdk-amd64/jre/lib/amd64/server/libjvm.so
7f8292c51000-7f8292c7a000 rw-p 00cec000 ca:01 260093                     /usr/lib/jvm/java-8-openjdk-amd64/jre/lib/amd64/server/libjvm.so
7f8292c7a000-7f8292caa000 rw-p 00000000 00:00 0 
7f8292caa000-7f8292cc2000 r-xp 00000000 ca:01 1979                       /lib/x86_64-linux-gnu/libpthread-2.23.so
7f8292cc2000-7f8292ec1000 ---p 00018000 ca:01 1979                       /lib/x86_64-linux-gnu/libpthread-2.23.so
7f8292ec1000-7f8292ec2000 r--p 00017000 ca:01 1979                       /lib/x86_64-linux-gnu/libpthread-2.23.so
7f8292ec2000-7f8292ec3000 rw-p 00018000 ca:01 1979                       /lib/x86_64-linux-gnu/libpthread-2.23.so
7f8292ec3000-7f8292ec7000 rw-p 00000000 00:00 0 
7f8292ec7000-7f8292eca000 r-xp 00000000 ca:01 1982                       /lib/x86_64-linux-gnu/libdl-2.23.so
7f8292eca000-7f82930c9000 ---p 00003000 ca:01 1982                       /lib/x86_64-linux-gnu/libdl-2.23.so
7f82930c9000-7f82930ca000 r--p 00002000 ca:01 1982                       /lib/x86_64-linux-gnu/libdl-2.23.so
7f82930ca000-7f82930cb000 rw-p 00003000 ca:01 1982                       /lib/x86_64-linux-gnu/libdl-2.23.so
7f82930cb000-7f82930e4000 r-xp 00000000 ca:01 2129                       /lib/x86_64-linux-gnu/libz.so.1.2.8
7f82930e4000-7f82932e3000 ---p 00019000 ca:01 2129                       /lib/x86_64-linux-gnu/libz.so.1.2.8
7f82932e3000-7f82932e4000 r--p 00018000 ca:01 2129                       /lib/x86_64-linux-gnu/libz.so.1.2.8
7f82932e4000-7f82932e5000 rw-p 00019000 ca:01 2129                       /lib/x86_64-linux-gnu/libz.so.1.2.8
7f82932e5000-7f82934a5000 r-xp 00000000 ca:01 1980                       /lib/x86_64-linux-gnu/libc-2.23.so
7f82934a5000-7f82936a5000 ---p 001c0000 ca:01 1980                       /lib/x86_64-linux-gnu/libc-2.23.so
7f82936a5000-7f82936a9000 r--p 001c0000 ca:01 1980                       /lib/x86_64-linux-gnu/libc-2.23.so
7f82936a9000-7f82936ab000 rw-p 001c4000 ca:01 1980                       /lib/x86_64-linux-gnu/libc-2.23.so
7f82936ab000-7f82936af000 rw-p 00000000 00:00 0 
7f82936af000-7f82936bc000 r-xp 00000000 ca:01 260089                     /usr/lib/jvm/java-8-openjdk-amd64/jre/lib/amd64/jli/libjli.so
7f82936bc000-7f82938bc000 ---p 0000d000 ca:01 260089                     /usr/lib/jvm/java-8-openjdk-amd64/jre/lib/amd64/jli/libjli.so
7f82938bc000-7f82938bd000 r--p 0000d000 ca:01 260089                     /usr/lib/jvm/java-8-openjdk-amd64/jre/lib/amd64/jli/libjli.so
7f82938bd000-7f82938be000 rw-p 0000e000 ca:01 260089                     /usr/lib/jvm/java-8-openjdk-amd64/jre/lib/amd64/jli/libjli.so
7f82938be000-7f82938e4000 r-xp 00000000 ca:01 1978                       /lib/x86_64-linux-gnu/ld-2.23.so
7f82938e4000-7f82938e5000 r--s 00000000 ca:01 268220                     /home/user1/.m2/repository/org/springframework/cloud/spring-cloud-starter-config/2.0.0.M9/spring-cloud-starter-config-2.0.0.M9.jar
7f82938e5000-7f82938e7000 r--s 00002000 ca:01 267195                     /home/user1/.m2/repository/org/apache/maven/surefire/surefire-logger-api/2.21.0/surefire-logger-api-2.21.0.jar
7f82938e7000-7f82938ec000 r--s 00029000 ca:01 267193                     /home/user1/.m2/repository/org/apache/maven/surefire/surefire-api/2.21.0/surefire-api-2.21.0.jar
7f82938ec000-7f82938f1000 r--s 0003e000 ca:01 267197                     /home/user1/.m2/repository/org/apache/maven/surefire/surefire-booter/2.21.0/surefire-booter-2.21.0.jar
7f82938f1000-7f82938f2000 r--s 00004000 ca:10 1707161                    /data/Maverick-Deployment/maverick/GameReporting/target/surefire/surefirebooter7565226151653825934.jar
7f82938f2000-7f82938f5000 r--s 0000f000 ca:01 260057                     /usr/lib/jvm/java-8-openjdk-amd64/jre/lib/ext/icedtea-sound.jar
7f82938f5000-7f8293910000 r--s 00394000 ca:01 260055                     /usr/lib/jvm/java-8-openjdk-amd64/jre/lib/ext/cldrdata.jar
7f8293910000-7f8293913000 r--s 00038000 ca:01 260054                     /usr/lib/jvm/java-8-openjdk-amd64/jre/lib/ext/sunpkcs11.jar
7f8293913000-7f8293919000 r--s 0003b000 ca:01 260056                     /usr/lib/jvm/java-8-openjdk-amd64/jre/lib/ext/sunjce_provider.jar
7f8293919000-7f8293923000 r--s 00116000 ca:01 260060                     /usr/lib/jvm/java-8-openjdk-amd64/jre/lib/ext/localedata.jar
7f8293923000-7f82939cd000 rw-p 00000000 00:00 0 
7f82939cd000-7f82939d5000 rw-s 00000000 ca:01 269928                     /tmp/hsperfdata_user1/11305
7f82939d5000-7f82939d8000 ---p 00000000 00:00 0 
7f82939d8000-7f8293ada000 rw-p 00000000 00:00 0 
7f8293ada000-7f8293adb000 r--s 00010000 ca:01 260052                     /usr/lib/jvm/java-8-openjdk-amd64/jre/lib/ext/zipfs.jar
7f8293adb000-7f8293adc000 r--s 0000a000 ca:01 260059                     /usr/lib/jvm/java-8-openjdk-amd64/jre/lib/ext/jaccess.jar
7f8293adc000-7f8293ade000 r--s 00001000 ca:01 260053                     /usr/lib/jvm/java-8-openjdk-amd64/jre/lib/ext/dnsns.jar
7f8293ade000-7f8293ae0000 r--s 00008000 ca:01 260051                     /usr/lib/jvm/java-8-openjdk-amd64/jre/lib/ext/sunec.jar
7f8293ae0000-7f8293ae1000 rw-p 00000000 00:00 0 
7f8293ae1000-7f8293ae2000 ---p 00000000 00:00 0 
7f8293ae2000-7f8293ae3000 rw-p 00000000 00:00 0 
7f8293ae3000-7f8293ae4000 r--p 00025000 ca:01 1978                       /lib/x86_64-linux-gnu/ld-2.23.so
7f8293ae4000-7f8293ae5000 rw-p 00026000 ca:01 1978                       /lib/x86_64-linux-gnu/ld-2.23.so
7f8293ae5000-7f8293ae6000 rw-p 00000000 00:00 0 
7ffffe84a000-7ffffe86b000 rw-p 00000000 00:00 0                          [stack]
7ffffe874000-7ffffe877000 r--p 00000000 00:00 0                          [vvar]
7ffffe877000-7ffffe879000 r-xp 00000000 00:00 0                          [vdso]
ffffffffff600000-ffffffffff601000 r-xp 00000000 00:00 0                  [vsyscall]

VM Arguments:
java_command: /data/Maverick-Deployment/maverick/GameReporting/target/surefire/surefirebooter7565226151653825934.jar /data/Maverick-Deployment/maverick/GameReporting/target/surefire 2018-06-06T07-52-40_505-jvmRun1 surefire1881074327930278524tmp surefire_52251440544043430116tmp
java_class_path (initial): /data/Maverick-Deployment/maverick/GameReporting/target/surefire/surefirebooter7565226151653825934.jar
Launcher Type: SUN_STANDARD

Environment Variables:
JAVA_HOME=/usr/lib/jvm/java-8-openjdk-amd64
PATH=/home/user1/bin:/home/user1/.local/bin:/usr/local/sbin:/usr/local/bin:/usr/sbin:/usr/bin:/sbin:/bin:/usr/games:/usr/local/games:/snap/bin
SHELL=/bin/bash

Signal Handlers:
SIGSEGV: [libjvm.so+0xa6e6f0], sa_mask[0]=11111111011111111101111111111110, sa_flags=SA_RESTART|SA_SIGINFO
SIGBUS: [libjvm.so+0xa6e6f0], sa_mask[0]=11111111011111111101111111111110, sa_flags=SA_RESTART|SA_SIGINFO
SIGFPE: [libjvm.so+0x8b5d50], sa_mask[0]=11111111011111111101111111111110, sa_flags=SA_RESTART|SA_SIGINFO
SIGPIPE: [libjvm.so+0x8b5d50], sa_mask[0]=11111111011111111101111111111110, sa_flags=SA_RESTART|SA_SIGINFO
SIGXFSZ: [libjvm.so+0x8b5d50], sa_mask[0]=11111111011111111101111111111110, sa_flags=SA_RESTART|SA_SIGINFO
SIGILL: [libjvm.so+0x8b5d50], sa_mask[0]=11111111011111111101111111111110, sa_flags=SA_RESTART|SA_SIGINFO
SIGUSR1: SIG_DFL, sa_mask[0]=00000000000000000000000000000000, sa_flags=none
SIGUSR2: [libjvm.so+0x8b5c00], sa_mask[0]=00100000000000000000000000000000, sa_flags=SA_RESTART|SA_SIGINFO
SIGHUP: [libjvm.so+0x8b60d0], sa_mask[0]=11111111011111111101111111111110, sa_flags=SA_RESTART|SA_SIGINFO
SIGINT: [libjvm.so+0x8b60d0], sa_mask[0]=11111111011111111101111111111110, sa_flags=SA_RESTART|SA_SIGINFO
SIGTERM: [libjvm.so+0x8b60d0], sa_mask[0]=11111111011111111101111111111110, sa_flags=SA_RESTART|SA_SIGINFO
SIGQUIT: [libjvm.so+0x8b60d0], sa_mask[0]=11111111011111111101111111111110, sa_flags=SA_RESTART|SA_SIGINFO


---------------  S Y S T E M  ---------------

OS:DISTRIB_ID=Ubuntu
DISTRIB_RELEASE=16.04
DISTRIB_CODENAME=xenial
DISTRIB_DESCRIPTION="Ubuntu 16.04.4 LTS"

uname:Linux 4.4.0-1060-aws #69-Ubuntu SMP Sun May 20 13:42:07 UTC 2018 x86_64
libc:glibc 2.23 NPTL 2.23 
rlimit: STACK 8192k, CORE 0k, NPROC 64122, NOFILE 1048576, AS infinity
load average:1.35 2.03 2.80

/proc/meminfo:
MemTotal:       16431376 kB
MemFree:          166216 kB
MemAvailable:      43024 kB
Buffers:            1780 kB
Cached:            56300 kB
SwapCached:            0 kB
Active:         16035468 kB
Inactive:          30828 kB
Active(anon):   16012708 kB
Inactive(anon):     8396 kB
Active(file):      22760 kB
Inactive(file):    22432 kB
Unevictable:        3652 kB
Mlocked:            3652 kB
SwapTotal:             0 kB
SwapFree:              0 kB
Dirty:               704 kB
Writeback:             0 kB
AnonPages:      16012456 kB
Mapped:            38632 kB
Shmem:              9800 kB
Slab:              77704 kB
SReclaimable:      41044 kB
SUnreclaim:        36660 kB
KernelStack:       22784 kB
PageTables:        44956 kB
NFS_Unstable:          0 kB
Bounce:                0 kB
WritebackTmp:          0 kB
CommitLimit:     8215688 kB
Committed_AS:   26398624 kB
VmallocTotal:   34359738367 kB
VmallocUsed:           0 kB
VmallocChunk:          0 kB
HardwareCorrupted:     0 kB
AnonHugePages:  10852352 kB
CmaTotal:              0 kB
CmaFree:               0 kB
HugePages_Total:       0
HugePages_Free:        0
HugePages_Rsvd:        0
HugePages_Surp:        0
Hugepagesize:       2048 kB
DirectMap4k:      143360 kB
DirectMap2M:    13488128 kB
DirectMap1G:     4194304 kB


CPU:total 4 (initial active 4) (4 cores per cpu, 1 threads per core) family 6 model 79 stepping 1, cmov, cx8, fxsr, mmx, sse, sse2, sse3, ssse3, sse4.1, sse4.2, popcnt, avx, avx2, aes, clmul, erms, lzcnt, tsc, bmi1, bmi2

/proc/cpuinfo:
processor	: 0
vendor_id	: GenuineIntel
cpu family	: 6
model		: 79
model name	: Intel(R) Xeon(R) CPU E5-2686 v4 @ 2.30GHz
stepping	: 1
microcode	: 0xb00002a
cpu MHz		: 2300.032
cache size	: 46080 KB
physical id	: 0
siblings	: 4
core id		: 0
cpu cores	: 4
apicid		: 0
initial apicid	: 0
fpu		: yes
fpu_exception	: yes
cpuid level	: 13
wp		: yes
flags		: fpu vme de pse tsc msr pae mce cx8 apic sep mtrr pge mca cmov pat pse36 clflush mmx fxsr sse sse2 ht syscall nx pdpe1gb rdtscp lm constant_tsc rep_good nopl xtopology eagerfpu pni pclmulqdq ssse3 fma cx16 pcid sse4_1 sse4_2 x2apic movbe popcnt tsc_deadline_timer aes xsave avx f16c rdrand hypervisor lahf_lm abm invpcid_single kaiser fsgsbase bmi1 avx2 smep bmi2 erms invpcid xsaveopt
bugs		: cpu_meltdown spectre_v1 spectre_v2 spec_store_bypass
bogomips	: 4600.06
clflush size	: 64
cache_alignment	: 64
address sizes	: 46 bits physical, 48 bits virtual
power management:

processor	: 1
vendor_id	: GenuineIntel
cpu family	: 6
model		: 79
model name	: Intel(R) Xeon(R) CPU E5-2686 v4 @ 2.30GHz
stepping	: 1
microcode	: 0xb00002a
cpu MHz		: 2300.032
cache size	: 46080 KB
physical id	: 0
siblings	: 4
core id		: 1
cpu cores	: 4
apicid		: 2
initial apicid	: 2
fpu		: yes
fpu_exception	: yes
cpuid level	: 13
wp		: yes
flags		: fpu vme de pse tsc msr pae mce cx8 apic sep mtrr pge mca cmov pat pse36 clflush mmx fxsr sse sse2 ht syscall nx pdpe1gb rdtscp lm constant_tsc rep_good nopl xtopology eagerfpu pni pclmulqdq ssse3 fma cx16 pcid sse4_1 sse4_2 x2apic movbe popcnt tsc_deadline_timer aes xsave avx f16c rdrand hypervisor lahf_lm abm invpcid_single kaiser fsgsbase bmi1 avx2 smep bmi2 erms invpcid xsaveopt
bugs		: cpu_meltdown spectre_v1 spectre_v2 spec_store_bypass
bogomips	: 4600.06
clflush size	: 64
cache_alignment	: 64
address sizes	: 46 bits physical, 48 bits virtual
power management:

processor	: 2
vendor_id	: GenuineIntel
cpu family	: 6
model		: 79
model name	: Intel(R) Xeon(R) CPU E5-2686 v4 @ 2.30GHz
stepping	: 1
microcode	: 0xb00002a
cpu MHz		: 2300.032
cache size	: 46080 KB
physical id	: 0
siblings	: 4
core id		: 2
cpu cores	: 4
apicid		: 4
initial apicid	: 4
fpu		: yes
fpu_exception	: yes
cpuid level	: 13
wp		: yes
flags		: fpu vme de pse tsc msr pae mce cx8 apic sep mtrr pge mca cmov pat pse36 clflush mmx fxsr sse sse2 ht syscall nx pdpe1gb rdtscp lm constant_tsc rep_good nopl xtopology eagerfpu pni pclmulqdq ssse3 fma cx16 pcid sse4_1 sse4_2 x2apic movbe popcnt tsc_deadline_timer aes xsave avx f16c rdrand hypervisor lahf_lm abm invpcid_single kaiser fsgsbase bmi1 avx2 smep bmi2 erms invpcid xsaveopt
bugs		: cpu_meltdown spectre_v1 spectre_v2 spec_store_bypass
bogomips	: 4600.06
clflush size	: 64
cache_alignment	: 64
address sizes	: 46 bits physical, 48 bits virtual
power management:

processor	: 3
vendor_id	: GenuineIntel
cpu family	: 6
model		: 79
model name	: Intel(R) Xeon(R) CPU E5-2686 v4 @ 2.30GHz
stepping	: 1
microcode	: 0xb00002a
cpu MHz		: 2300.032
cache size	: 46080 KB
physical id	: 0
siblings	: 4
core id		: 3
cpu cores	: 4
apicid		: 6
initial apicid	: 6
fpu		: yes
fpu_exception	: yes
cpuid level	: 13
wp		: yes
flags		: fpu vme de pse tsc msr pae mce cx8 apic sep mtrr pge mca cmov pat pse36 clflush mmx fxsr sse sse2 ht syscall nx pdpe1gb rdtscp lm constant_tsc rep_good nopl xtopology eagerfpu pni pclmulqdq ssse3 fma cx16 pcid sse4_1 sse4_2 x2apic movbe popcnt tsc_deadline_timer aes xsave avx f16c rdrand hypervisor lahf_lm abm invpcid_single kaiser fsgsbase bmi1 avx2 smep bmi2 erms invpcid xsaveopt
bugs		: cpu_meltdown spectre_v1 spectre_v2 spec_store_bypass
bogomips	: 4600.06
clflush size	: 64
cache_alignment	: 64
address sizes	: 46 bits physical, 48 bits virtual
power management:



Memory: 4k page, physical 16431376k(166216k free), swap 0k(0k free)

vm_info: OpenJDK 64-Bit Server VM (25.171-b11) for linux-amd64 JRE (1.8.0_171-8u171-b11-0ubuntu0.16.04.1-b11), built on Apr 27 2018 17:19:03 by "buildd" with gcc 5.4.0 20160609

time: Wed Jun  6 07:53:17 2018
elapsed time: 1 seconds (0d 0h 0m 1s)

